C:\USERS\OWNER\SOURCE\REPOS\CSCI-41\BIGNUMBERS\DEBUG\BIGNUMBER.OBJ
C:\USERS\OWNER\SOURCE\REPOS\CSCI-41\BIGNUMBERS\DEBUG\MAIN.OBJ
C:\USERS\OWNER\SOURCE\REPOS\CSCI-41\BIGNUMBERS\DEBUG\VC110.PDB
C:\USERS\OWNER\SOURCE\REPOS\CSCI-41\DEBUG\BIGNUMBERS.ILK
C:\USERS\OWNER\SOURCE\REPOS\CSCI-41\DEBUG\BIGNUMBERS.EXE
C:\USERS\OWNER\SOURCE\REPOS\CSCI-41\DEBUG\BIGNUMBERS.PDB
C:\Users\Owner\Source\Repos\CSCI-41\BigNumbers\Debug\BigNumber.obj
C:\Users\Owner\Source\Repos\CSCI-41\BigNumbers\Debug\main.obj
C:\Users\Owner\Source\Repos\CSCI-41\BigNumbers\Debug\cl.command.1.tlog
C:\Users\Owner\Source\Repos\CSCI-41\BigNumbers\Debug\CL.read.1.tlog
C:\Users\Owner\Source\Repos\CSCI-41\BigNumbers\Debug\CL.write.1.tlog
C:\Users\Owner\Source\Repos\CSCI-41\BigNumbers\Debug\link-cvtres.read.1.tlog
C:\Users\Owner\Source\Repos\CSCI-41\BigNumbers\Debug\link-cvtres.write.1.tlog
C:\Users\Owner\Source\Repos\CSCI-41\BigNumbers\Debug\link-rc.read.1.tlog
C:\Users\Owner\Source\Repos\CSCI-41\BigNumbers\Debug\link-rc.write.1.tlog
C:\Users\Owner\Source\Repos\CSCI-41\BigNumbers\Debug\link.command.1.tlog
C:\Users\Owner\Source\Repos\CSCI-41\BigNumbers\Debug\link.read.1.tlog
C:\Users\Owner\Source\Repos\CSCI-41\BigNumbers\Debug\link.write.1.tlog
C:\Users\Owner\Source\Repos\CSCI-41\BigNumbers\Debug\vc110.idb
C:\Users\Owner\Source\Repos\CSCI-41\BigNumbers\Debug\vc110.pdb
C:\Users\Owner\Source\Repos\CSCI-41\Debug\BigNumbers.pdb
C:\Users\Owner\Source\Repos\CSCI-41\Debug\BigNumbers.exe
C:\Users\Owner\Source\Repos\CSCI-41\Debug\BigNumbers.ilk
